<?xml version="1.0" encoding="UTF-8"?>
<!-- Generated by org.testng.reporters.JUnitXMLReporter -->
<testsuite ignored="0" hostname="LAPTOP-7UARP2T2" failures="0" tests="4" name="Default test" time="148.953" errors="0" timestamp="2022-07-15T12:41:45 EDT">
  <testcase classname="tests.LoginTest" name="loginWithWrongEmailPasswordTest" time="11.969"/>
  <testcase classname="tests.LoginTest" name="loginWithEmptyEmailTest" time="9.907"/>
  <testcase classname="tests.LoginTest" name="loginWithEmptyPasswordTest" time="7.422"/>
  <testcase classname="tests.LoginTest" name="loginWithSpecialCharEmailTest" time="7.366"/>
</testsuite> <!-- Default test -->
