<?xml version="1.0" encoding="UTF-8"?>
<!-- Generated by org.testng.reporters.JUnitXMLReporter -->
<testsuite ignored="0" hostname="LAPTOP-7UARP2T2" failures="0" tests="4" name="Test" time="216.974" errors="0" timestamp="15 Jul. 2022 17:06:34 GMT">
  <testcase classname="tests.LoginTest" name="loginWithWrongEmailPasswordTest" time="10.119"/>
  <testcase classname="tests.LoginTest" name="loginWithEmptyEmailTest" time="11.744"/>
  <testcase classname="tests.LoginTest" name="loginWithEmptyPasswordTest" time="7.33"/>
  <testcase classname="tests.LoginTest" name="loginWithSpecialCharEmailTest" time="6.046"/>
</testsuite> <!-- Test -->
