<?xml version="1.0" encoding="UTF-8"?>
<testng-results ignored="0" total="4" passed="4" failed="0" skipped="0">
  <reporter-output>
  </reporter-output>
  <suite started-at="2022-07-15T17:02:57Z" name="Suite" finished-at="2022-07-15T17:06:34Z" duration-ms="216974">
    <groups>
    </groups>
    <test started-at="2022-07-15T17:02:57Z" name="Test" finished-at="2022-07-15T17:06:34Z" duration-ms="216974">
      <class name="tests.LoginTest">
        <test-method is-config="true" signature="beforeMethod()[pri:0, instance:tests.LoginTest@550ee7e5]" started-at="2022-07-15T17:02:57Z" name="beforeMethod" finished-at="2022-07-15T17:03:57Z" duration-ms="60035" status="PASS">
          <reporter-output>
          </reporter-output>
        </test-method> <!-- beforeMethod -->
        <test-method signature="loginWithWrongEmailPasswordTest()[pri:1, instance:tests.LoginTest@550ee7e5]" started-at="2022-07-15T17:03:57Z" name="loginWithWrongEmailPasswordTest" finished-at="2022-07-15T17:04:07Z" duration-ms="10119" status="PASS">
          <reporter-output>
          </reporter-output>
        </test-method> <!-- loginWithWrongEmailPasswordTest -->
        <test-method is-config="true" signature="afterMethod()[pri:0, instance:tests.LoginTest@550ee7e5]" started-at="2022-07-15T17:04:07Z" name="afterMethod" finished-at="2022-07-15T17:04:16Z" duration-ms="9144" status="PASS">
          <reporter-output>
          </reporter-output>
        </test-method> <!-- afterMethod -->
        <test-method is-config="true" signature="beforeMethod()[pri:0, instance:tests.LoginTest@550ee7e5]" started-at="2022-07-15T17:04:16Z" name="beforeMethod" finished-at="2022-07-15T17:04:44Z" duration-ms="27570" status="PASS">
          <reporter-output>
          </reporter-output>
        </test-method> <!-- beforeMethod -->
        <test-method signature="loginWithEmptyEmailTest()[pri:2, instance:tests.LoginTest@550ee7e5]" started-at="2022-07-15T17:04:44Z" name="loginWithEmptyEmailTest" finished-at="2022-07-15T17:04:55Z" duration-ms="11744" status="PASS">
          <reporter-output>
          </reporter-output>
        </test-method> <!-- loginWithEmptyEmailTest -->
        <test-method is-config="true" signature="afterMethod()[pri:0, instance:tests.LoginTest@550ee7e5]" started-at="2022-07-15T17:04:55Z" name="afterMethod" finished-at="2022-07-15T17:05:02Z" duration-ms="6828" status="PASS">
          <reporter-output>
          </reporter-output>
        </test-method> <!-- afterMethod -->
        <test-method is-config="true" signature="beforeMethod()[pri:0, instance:tests.LoginTest@550ee7e5]" started-at="2022-07-15T17:05:02Z" name="beforeMethod" finished-at="2022-07-15T17:05:39Z" duration-ms="36782" status="PASS">
          <reporter-output>
          </reporter-output>
        </test-method> <!-- beforeMethod -->
        <test-method signature="loginWithEmptyPasswordTest()[pri:3, instance:tests.LoginTest@550ee7e5]" started-at="2022-07-15T17:05:39Z" name="loginWithEmptyPasswordTest" finished-at="2022-07-15T17:05:46Z" duration-ms="7330" status="PASS">
          <reporter-output>
          </reporter-output>
        </test-method> <!-- loginWithEmptyPasswordTest -->
        <test-method is-config="true" signature="afterMethod()[pri:0, instance:tests.LoginTest@550ee7e5]" started-at="2022-07-15T17:05:46Z" name="afterMethod" finished-at="2022-07-15T17:05:50Z" duration-ms="3940" status="PASS">
          <reporter-output>
          </reporter-output>
        </test-method> <!-- afterMethod -->
        <test-method is-config="true" signature="beforeMethod()[pri:0, instance:tests.LoginTest@550ee7e5]" started-at="2022-07-15T17:05:50Z" name="beforeMethod" finished-at="2022-07-15T17:06:24Z" duration-ms="33921" status="PASS">
          <reporter-output>
          </reporter-output>
        </test-method> <!-- beforeMethod -->
        <test-method signature="loginWithSpecialCharEmailTest()[pri:4, instance:tests.LoginTest@550ee7e5]" started-at="2022-07-15T17:06:24Z" name="loginWithSpecialCharEmailTest" finished-at="2022-07-15T17:06:30Z" duration-ms="6046" status="PASS">
          <reporter-output>
          </reporter-output>
        </test-method> <!-- loginWithSpecialCharEmailTest -->
        <test-method is-config="true" signature="afterMethod()[pri:0, instance:tests.LoginTest@550ee7e5]" started-at="2022-07-15T17:06:30Z" name="afterMethod" finished-at="2022-07-15T17:06:34Z" duration-ms="3433" status="PASS">
          <reporter-output>
          </reporter-output>
        </test-method> <!-- afterMethod -->
      </class> <!-- tests.LoginTest -->
    </test> <!-- Test -->
  </suite> <!-- Suite -->
</testng-results>
